<?xml version="1.0" encoding="UTF-8"?>
<testsuite xmlns:xsi="http://www.w3.org/2001/XMLSchema-instance" xsi:noNamespaceSchemaLocation="https://maven.apache.org/surefire/maven-surefire-plugin/xsd/surefire-test-report.xsd" name="top.pmj136.api.ApiApplicationTests" time="8.237" tests="1" errors="0" skipped="0" failures="0">
  <properties>
    <property name="sun.desktop" value="windows"/>
    <property name="awt.toolkit" value="sun.awt.windows.WToolkit"/>
    <property name="file.encoding.pkg" value="sun.io"/>
    <property name="java.specification.version" value="1.8"/>
    <property name="sun.cpu.isalist" value="amd64"/>
    <property name="sun.jnu.encoding" value="GBK"/>
    <property name="java.class.path" value="D:\study\idea\api\target\test-classes;D:\study\idea\api\target\classes;D:\develop\apache-maven-3.6.3\respoitory\org\springframework\boot\spring-boot-starter-web\2.4.0\spring-boot-starter-web-2.4.0.jar;D:\develop\apache-maven-3.6.3\respoitory\org\springframework\boot\spring-boot-starter\2.4.0\spring-boot-starter-2.4.0.jar;D:\develop\apache-maven-3.6.3\respoitory\org\springframework\boot\spring-boot\2.4.0\spring-boot-2.4.0.jar;D:\develop\apache-maven-3.6.3\respoitory\org\springframework\boot\spring-boot-starter-logging\2.4.0\spring-boot-starter-logging-2.4.0.jar;D:\develop\apache-maven-3.6.3\respoitory\ch\qos\logback\logback-classic\1.2.3\logback-classic-1.2.3.jar;D:\develop\apache-maven-3.6.3\respoitory\ch\qos\logback\logback-core\1.2.3\logback-core-1.2.3.jar;D:\develop\apache-maven-3.6.3\respoitory\org\apache\logging\log4j\log4j-to-slf4j\2.13.3\log4j-to-slf4j-2.13.3.jar;D:\develop\apache-maven-3.6.3\respoitory\org\apache\logging\log4j\log4j-api\2.13.3\log4j-api-2.13.3.jar;D:\develop\apache-maven-3.6.3\respoitory\org\slf4j\jul-to-slf4j\1.7.30\jul-to-slf4j-1.7.30.jar;D:\develop\apache-maven-3.6.3\respoitory\jakarta\annotation\jakarta.annotation-api\1.3.5\jakarta.annotation-api-1.3.5.jar;D:\develop\apache-maven-3.6.3\respoitory\org\yaml\snakeyaml\1.27\snakeyaml-1.27.jar;D:\develop\apache-maven-3.6.3\respoitory\org\springframework\boot\spring-boot-starter-json\2.4.0\spring-boot-starter-json-2.4.0.jar;D:\develop\apache-maven-3.6.3\respoitory\com\fasterxml\jackson\core\jackson-databind\2.11.3\jackson-databind-2.11.3.jar;D:\develop\apache-maven-3.6.3\respoitory\com\fasterxml\jackson\core\jackson-annotations\2.11.3\jackson-annotations-2.11.3.jar;D:\develop\apache-maven-3.6.3\respoitory\com\fasterxml\jackson\core\jackson-core\2.11.3\jackson-core-2.11.3.jar;D:\develop\apache-maven-3.6.3\respoitory\com\fasterxml\jackson\datatype\jackson-datatype-jdk8\2.11.3\jackson-datatype-jdk8-2.11.3.jar;D:\develop\apache-maven-3.6.3\respoitory\com\fasterxml\jackson\datatype\jackson-datatype-jsr310\2.11.3\jackson-datatype-jsr310-2.11.3.jar;D:\develop\apache-maven-3.6.3\respoitory\com\fasterxml\jackson\module\jackson-module-parameter-names\2.11.3\jackson-module-parameter-names-2.11.3.jar;D:\develop\apache-maven-3.6.3\respoitory\org\springframework\boot\spring-boot-starter-tomcat\2.4.0\spring-boot-starter-tomcat-2.4.0.jar;D:\develop\apache-maven-3.6.3\respoitory\org\apache\tomcat\embed\tomcat-embed-core\9.0.39\tomcat-embed-core-9.0.39.jar;D:\develop\apache-maven-3.6.3\respoitory\org\apache\tomcat\embed\tomcat-embed-websocket\9.0.39\tomcat-embed-websocket-9.0.39.jar;D:\develop\apache-maven-3.6.3\respoitory\org\springframework\spring-web\5.3.1\spring-web-5.3.1.jar;D:\develop\apache-maven-3.6.3\respoitory\org\springframework\spring-beans\5.3.1\spring-beans-5.3.1.jar;D:\develop\apache-maven-3.6.3\respoitory\org\springframework\spring-webmvc\5.3.1\spring-webmvc-5.3.1.jar;D:\develop\apache-maven-3.6.3\respoitory\org\springframework\spring-aop\5.3.1\spring-aop-5.3.1.jar;D:\develop\apache-maven-3.6.3\respoitory\org\springframework\spring-context\5.3.1\spring-context-5.3.1.jar;D:\develop\apache-maven-3.6.3\respoitory\org\springframework\spring-expression\5.3.1\spring-expression-5.3.1.jar;D:\develop\apache-maven-3.6.3\respoitory\org\springframework\boot\spring-boot-starter-mail\2.4.0\spring-boot-starter-mail-2.4.0.jar;D:\develop\apache-maven-3.6.3\respoitory\org\springframework\spring-context-support\5.3.1\spring-context-support-5.3.1.jar;D:\develop\apache-maven-3.6.3\respoitory\com\sun\mail\jakarta.mail\1.6.5\jakarta.mail-1.6.5.jar;D:\develop\apache-maven-3.6.3\respoitory\com\sun\activation\jakarta.activation\1.2.2\jakarta.activation-1.2.2.jar;D:\develop\apache-maven-3.6.3\respoitory\org\springframework\boot\spring-boot-starter-data-redis\2.4.0\spring-boot-starter-data-redis-2.4.0.jar;D:\develop\apache-maven-3.6.3\respoitory\org\springframework\data\spring-data-redis\2.4.1\spring-data-redis-2.4.1.jar;D:\develop\apache-maven-3.6.3\respoitory\org\springframework\data\spring-data-keyvalue\2.4.1\spring-data-keyvalue-2.4.1.jar;D:\develop\apache-maven-3.6.3\respoitory\org\springframework\data\spring-data-commons\2.4.1\spring-data-commons-2.4.1.jar;D:\develop\apache-maven-3.6.3\respoitory\org\springframework\spring-tx\5.3.1\spring-tx-5.3.1.jar;D:\develop\apache-maven-3.6.3\respoitory\org\springframework\spring-oxm\5.3.1\spring-oxm-5.3.1.jar;D:\develop\apache-maven-3.6.3\respoitory\io\lettuce\lettuce-core\6.0.1.RELEASE\lettuce-core-6.0.1.RELEASE.jar;D:\develop\apache-maven-3.6.3\respoitory\io\netty\netty-common\4.1.54.Final\netty-common-4.1.54.Final.jar;D:\develop\apache-maven-3.6.3\respoitory\io\netty\netty-handler\4.1.54.Final\netty-handler-4.1.54.Final.jar;D:\develop\apache-maven-3.6.3\respoitory\io\netty\netty-resolver\4.1.54.Final\netty-resolver-4.1.54.Final.jar;D:\develop\apache-maven-3.6.3\respoitory\io\netty\netty-buffer\4.1.54.Final\netty-buffer-4.1.54.Final.jar;D:\develop\apache-maven-3.6.3\respoitory\io\netty\netty-codec\4.1.54.Final\netty-codec-4.1.54.Final.jar;D:\develop\apache-maven-3.6.3\respoitory\io\netty\netty-transport\4.1.54.Final\netty-transport-4.1.54.Final.jar;D:\develop\apache-maven-3.6.3\respoitory\io\projectreactor\reactor-core\3.4.0\reactor-core-3.4.0.jar;D:\develop\apache-maven-3.6.3\respoitory\org\reactivestreams\reactive-streams\1.0.3\reactive-streams-1.0.3.jar;D:\develop\apache-maven-3.6.3\respoitory\mysql\mysql-connector-java\8.0.21\mysql-connector-java-8.0.21.jar;D:\develop\apache-maven-3.6.3\respoitory\com\baomidou\mybatis-plus-boot-starter\3.4.0\mybatis-plus-boot-starter-3.4.0.jar;D:\develop\apache-maven-3.6.3\respoitory\com\baomidou\mybatis-plus\3.4.0\mybatis-plus-3.4.0.jar;D:\develop\apache-maven-3.6.3\respoitory\com\baomidou\mybatis-plus-extension\3.4.0\mybatis-plus-extension-3.4.0.jar;D:\develop\apache-maven-3.6.3\respoitory\com\baomidou\mybatis-plus-core\3.4.0\mybatis-plus-core-3.4.0.jar;D:\develop\apache-maven-3.6.3\respoitory\com\baomidou\mybatis-plus-annotation\3.4.0\mybatis-plus-annotation-3.4.0.jar;D:\develop\apache-maven-3.6.3\respoitory\com\github\jsqlparser\jsqlparser\3.2\jsqlparser-3.2.jar;D:\develop\apache-maven-3.6.3\respoitory\org\mybatis\mybatis\3.5.5\mybatis-3.5.5.jar;D:\develop\apache-maven-3.6.3\respoitory\org\mybatis\mybatis-spring\2.0.5\mybatis-spring-2.0.5.jar;D:\develop\apache-maven-3.6.3\respoitory\org\springframework\boot\spring-boot-autoconfigure\2.4.0\spring-boot-autoconfigure-2.4.0.jar;D:\develop\apache-maven-3.6.3\respoitory\org\springframework\boot\spring-boot-starter-jdbc\2.4.0\spring-boot-starter-jdbc-2.4.0.jar;D:\develop\apache-maven-3.6.3\respoitory\com\zaxxer\HikariCP\3.4.5\HikariCP-3.4.5.jar;D:\develop\apache-maven-3.6.3\respoitory\org\springframework\spring-jdbc\5.3.1\spring-jdbc-5.3.1.jar;D:\develop\apache-maven-3.6.3\respoitory\com\alibaba\druid-spring-boot-starter\1.1.21\druid-spring-boot-starter-1.1.21.jar;D:\develop\apache-maven-3.6.3\respoitory\com\alibaba\druid\1.1.21\druid-1.1.21.jar;D:\develop\apache-maven-3.6.3\respoitory\org\slf4j\slf4j-api\1.7.30\slf4j-api-1.7.30.jar;D:\develop\apache-maven-3.6.3\respoitory\org\projectlombok\lombok\1.18.16\lombok-1.18.16.jar;D:\develop\apache-maven-3.6.3\respoitory\org\springframework\boot\spring-boot-starter-validation\2.4.0\spring-boot-starter-validation-2.4.0.jar;D:\develop\apache-maven-3.6.3\respoitory\org\glassfish\jakarta.el\3.0.3\jakarta.el-3.0.3.jar;D:\develop\apache-maven-3.6.3\respoitory\org\hibernate\validator\hibernate-validator\6.1.6.Final\hibernate-validator-6.1.6.Final.jar;D:\develop\apache-maven-3.6.3\respoitory\jakarta\validation\jakarta.validation-api\2.0.2\jakarta.validation-api-2.0.2.jar;D:\develop\apache-maven-3.6.3\respoitory\org\jboss\logging\jboss-logging\3.4.1.Final\jboss-logging-3.4.1.Final.jar;D:\develop\apache-maven-3.6.3\respoitory\com\fasterxml\classmate\1.5.1\classmate-1.5.1.jar;D:\develop\apache-maven-3.6.3\respoitory\com\alibaba\fastjson\1.2.73\fastjson-1.2.73.jar;D:\develop\apache-maven-3.6.3\respoitory\com\aliyun\alibaba-dingtalk-service-sdk\1.0.1\alibaba-dingtalk-service-sdk-1.0.1.jar;D:\develop\apache-maven-3.6.3\respoitory\log4j\log4j\1.2.15\log4j-1.2.15.jar;D:\develop\apache-maven-3.6.3\respoitory\javax\mail\mail\1.4\mail-1.4.jar;D:\develop\apache-maven-3.6.3\respoitory\javax\activation\activation\1.1\activation-1.1.jar;D:\develop\apache-maven-3.6.3\respoitory\javax\jms\jms\1.1\jms-1.1.jar;D:\develop\apache-maven-3.6.3\respoitory\commons-logging\commons-logging\1.1.1\commons-logging-1.1.1.jar;D:\develop\apache-maven-3.6.3\respoitory\org\springframework\boot\spring-boot-starter-test\2.4.0\spring-boot-starter-test-2.4.0.jar;D:\develop\apache-maven-3.6.3\respoitory\org\springframework\boot\spring-boot-test\2.4.0\spring-boot-test-2.4.0.jar;D:\develop\apache-maven-3.6.3\respoitory\org\springframework\boot\spring-boot-test-autoconfigure\2.4.0\spring-boot-test-autoconfigure-2.4.0.jar;D:\develop\apache-maven-3.6.3\respoitory\com\jayway\jsonpath\json-path\2.4.0\json-path-2.4.0.jar;D:\develop\apache-maven-3.6.3\respoitory\net\minidev\json-smart\2.3\json-smart-2.3.jar;D:\develop\apache-maven-3.6.3\respoitory\net\minidev\accessors-smart\1.2\accessors-smart-1.2.jar;D:\develop\apache-maven-3.6.3\respoitory\org\ow2\asm\asm\5.0.4\asm-5.0.4.jar;D:\develop\apache-maven-3.6.3\respoitory\jakarta\xml\bind\jakarta.xml.bind-api\2.3.3\jakarta.xml.bind-api-2.3.3.jar;D:\develop\apache-maven-3.6.3\respoitory\jakarta\activation\jakarta.activation-api\1.2.2\jakarta.activation-api-1.2.2.jar;D:\develop\apache-maven-3.6.3\respoitory\org\assertj\assertj-core\3.18.1\assertj-core-3.18.1.jar;D:\develop\apache-maven-3.6.3\respoitory\org\hamcrest\hamcrest\2.2\hamcrest-2.2.jar;D:\develop\apache-maven-3.6.3\respoitory\org\junit\jupiter\junit-jupiter\5.7.0\junit-jupiter-5.7.0.jar;D:\develop\apache-maven-3.6.3\respoitory\org\junit\jupiter\junit-jupiter-api\5.7.0\junit-jupiter-api-5.7.0.jar;D:\develop\apache-maven-3.6.3\respoitory\org\apiguardian\apiguardian-api\1.1.0\apiguardian-api-1.1.0.jar;D:\develop\apache-maven-3.6.3\respoitory\org\opentest4j\opentest4j\1.2.0\opentest4j-1.2.0.jar;D:\develop\apache-maven-3.6.3\respoitory\org\junit\platform\junit-platform-commons\1.7.0\junit-platform-commons-1.7.0.jar;D:\develop\apache-maven-3.6.3\respoitory\org\junit\jupiter\junit-jupiter-params\5.7.0\junit-jupiter-params-5.7.0.jar;D:\develop\apache-maven-3.6.3\respoitory\org\junit\jupiter\junit-jupiter-engine\5.7.0\junit-jupiter-engine-5.7.0.jar;D:\develop\apache-maven-3.6.3\respoitory\org\junit\platform\junit-platform-engine\1.7.0\junit-platform-engine-1.7.0.jar;D:\develop\apache-maven-3.6.3\respoitory\org\mockito\mockito-core\3.6.0\mockito-core-3.6.0.jar;D:\develop\apache-maven-3.6.3\respoitory\net\bytebuddy\byte-buddy\1.10.18\byte-buddy-1.10.18.jar;D:\develop\apache-maven-3.6.3\respoitory\net\bytebuddy\byte-buddy-agent\1.10.18\byte-buddy-agent-1.10.18.jar;D:\develop\apache-maven-3.6.3\respoitory\org\objenesis\objenesis\3.1\objenesis-3.1.jar;D:\develop\apache-maven-3.6.3\respoitory\org\mockito\mockito-junit-jupiter\3.6.0\mockito-junit-jupiter-3.6.0.jar;D:\develop\apache-maven-3.6.3\respoitory\org\skyscreamer\jsonassert\1.5.0\jsonassert-1.5.0.jar;D:\develop\apache-maven-3.6.3\respoitory\com\vaadin\external\google\android-json\0.0.20131108.vaadin1\android-json-0.0.20131108.vaadin1.jar;D:\develop\apache-maven-3.6.3\respoitory\org\springframework\spring-core\5.3.1\spring-core-5.3.1.jar;D:\develop\apache-maven-3.6.3\respoitory\org\springframework\spring-jcl\5.3.1\spring-jcl-5.3.1.jar;D:\develop\apache-maven-3.6.3\respoitory\org\springframework\spring-test\5.3.1\spring-test-5.3.1.jar;D:\develop\apache-maven-3.6.3\respoitory\org\xmlunit\xmlunit-core\2.7.0\xmlunit-core-2.7.0.jar;"/>
    <property name="java.vm.vendor" value="Oracle Corporation"/>
    <property name="sun.arch.data.model" value="64"/>
    <property name="user.variant" value=""/>
    <property name="java.vendor.url" value="http://java.oracle.com/"/>
    <property name="user.timezone" value="Asia/Shanghai"/>
    <property name="java.vm.specification.version" value="1.8"/>
    <property name="os.name" value="Windows 10"/>
    <property name="user.country" value="CN"/>
    <property name="sun.java.launcher" value="SUN_STANDARD"/>
    <property name="sun.boot.library.path" value="D:\develop\jdk1.8.0_192\jre\bin"/>
    <property name="sun.java.command" value="C:\Users\xopen\AppData\Local\Temp\surefire2887645637040574817\surefirebooter7277520379460870331.jar C:\Users\xopen\AppData\Local\Temp\surefire2887645637040574817 2020-12-24T12-54-20_279-jvmRun1 surefire6652168313635005270tmp surefire_09044342944939827401tmp"/>
    <property name="surefire.test.class.path" value="D:\study\idea\api\target\test-classes;D:\study\idea\api\target\classes;D:\develop\apache-maven-3.6.3\respoitory\org\springframework\boot\spring-boot-starter-web\2.4.0\spring-boot-starter-web-2.4.0.jar;D:\develop\apache-maven-3.6.3\respoitory\org\springframework\boot\spring-boot-starter\2.4.0\spring-boot-starter-2.4.0.jar;D:\develop\apache-maven-3.6.3\respoitory\org\springframework\boot\spring-boot\2.4.0\spring-boot-2.4.0.jar;D:\develop\apache-maven-3.6.3\respoitory\org\springframework\boot\spring-boot-starter-logging\2.4.0\spring-boot-starter-logging-2.4.0.jar;D:\develop\apache-maven-3.6.3\respoitory\ch\qos\logback\logback-classic\1.2.3\logback-classic-1.2.3.jar;D:\develop\apache-maven-3.6.3\respoitory\ch\qos\logback\logback-core\1.2.3\logback-core-1.2.3.jar;D:\develop\apache-maven-3.6.3\respoitory\org\apache\logging\log4j\log4j-to-slf4j\2.13.3\log4j-to-slf4j-2.13.3.jar;D:\develop\apache-maven-3.6.3\respoitory\org\apache\logging\log4j\log4j-api\2.13.3\log4j-api-2.13.3.jar;D:\develop\apache-maven-3.6.3\respoitory\org\slf4j\jul-to-slf4j\1.7.30\jul-to-slf4j-1.7.30.jar;D:\develop\apache-maven-3.6.3\respoitory\jakarta\annotation\jakarta.annotation-api\1.3.5\jakarta.annotation-api-1.3.5.jar;D:\develop\apache-maven-3.6.3\respoitory\org\yaml\snakeyaml\1.27\snakeyaml-1.27.jar;D:\develop\apache-maven-3.6.3\respoitory\org\springframework\boot\spring-boot-starter-json\2.4.0\spring-boot-starter-json-2.4.0.jar;D:\develop\apache-maven-3.6.3\respoitory\com\fasterxml\jackson\core\jackson-databind\2.11.3\jackson-databind-2.11.3.jar;D:\develop\apache-maven-3.6.3\respoitory\com\fasterxml\jackson\core\jackson-annotations\2.11.3\jackson-annotations-2.11.3.jar;D:\develop\apache-maven-3.6.3\respoitory\com\fasterxml\jackson\core\jackson-core\2.11.3\jackson-core-2.11.3.jar;D:\develop\apache-maven-3.6.3\respoitory\com\fasterxml\jackson\datatype\jackson-datatype-jdk8\2.11.3\jackson-datatype-jdk8-2.11.3.jar;D:\develop\apache-maven-3.6.3\respoitory\com\fasterxml\jackson\datatype\jackson-datatype-jsr310\2.11.3\jackson-datatype-jsr310-2.11.3.jar;D:\develop\apache-maven-3.6.3\respoitory\com\fasterxml\jackson\module\jackson-module-parameter-names\2.11.3\jackson-module-parameter-names-2.11.3.jar;D:\develop\apache-maven-3.6.3\respoitory\org\springframework\boot\spring-boot-starter-tomcat\2.4.0\spring-boot-starter-tomcat-2.4.0.jar;D:\develop\apache-maven-3.6.3\respoitory\org\apache\tomcat\embed\tomcat-embed-core\9.0.39\tomcat-embed-core-9.0.39.jar;D:\develop\apache-maven-3.6.3\respoitory\org\apache\tomcat\embed\tomcat-embed-websocket\9.0.39\tomcat-embed-websocket-9.0.39.jar;D:\develop\apache-maven-3.6.3\respoitory\org\springframework\spring-web\5.3.1\spring-web-5.3.1.jar;D:\develop\apache-maven-3.6.3\respoitory\org\springframework\spring-beans\5.3.1\spring-beans-5.3.1.jar;D:\develop\apache-maven-3.6.3\respoitory\org\springframework\spring-webmvc\5.3.1\spring-webmvc-5.3.1.jar;D:\develop\apache-maven-3.6.3\respoitory\org\springframework\spring-aop\5.3.1\spring-aop-5.3.1.jar;D:\develop\apache-maven-3.6.3\respoitory\org\springframework\spring-context\5.3.1\spring-context-5.3.1.jar;D:\develop\apache-maven-3.6.3\respoitory\org\springframework\spring-expression\5.3.1\spring-expression-5.3.1.jar;D:\develop\apache-maven-3.6.3\respoitory\org\springframework\boot\spring-boot-starter-mail\2.4.0\spring-boot-starter-mail-2.4.0.jar;D:\develop\apache-maven-3.6.3\respoitory\org\springframework\spring-context-support\5.3.1\spring-context-support-5.3.1.jar;D:\develop\apache-maven-3.6.3\respoitory\com\sun\mail\jakarta.mail\1.6.5\jakarta.mail-1.6.5.jar;D:\develop\apache-maven-3.6.3\respoitory\com\sun\activation\jakarta.activation\1.2.2\jakarta.activation-1.2.2.jar;D:\develop\apache-maven-3.6.3\respoitory\org\springframework\boot\spring-boot-starter-data-redis\2.4.0\spring-boot-starter-data-redis-2.4.0.jar;D:\develop\apache-maven-3.6.3\respoitory\org\springframework\data\spring-data-redis\2.4.1\spring-data-redis-2.4.1.jar;D:\develop\apache-maven-3.6.3\respoitory\org\springframework\data\spring-data-keyvalue\2.4.1\spring-data-keyvalue-2.4.1.jar;D:\develop\apache-maven-3.6.3\respoitory\org\springframework\data\spring-data-commons\2.4.1\spring-data-commons-2.4.1.jar;D:\develop\apache-maven-3.6.3\respoitory\org\springframework\spring-tx\5.3.1\spring-tx-5.3.1.jar;D:\develop\apache-maven-3.6.3\respoitory\org\springframework\spring-oxm\5.3.1\spring-oxm-5.3.1.jar;D:\develop\apache-maven-3.6.3\respoitory\io\lettuce\lettuce-core\6.0.1.RELEASE\lettuce-core-6.0.1.RELEASE.jar;D:\develop\apache-maven-3.6.3\respoitory\io\netty\netty-common\4.1.54.Final\netty-common-4.1.54.Final.jar;D:\develop\apache-maven-3.6.3\respoitory\io\netty\netty-handler\4.1.54.Final\netty-handler-4.1.54.Final.jar;D:\develop\apache-maven-3.6.3\respoitory\io\netty\netty-resolver\4.1.54.Final\netty-resolver-4.1.54.Final.jar;D:\develop\apache-maven-3.6.3\respoitory\io\netty\netty-buffer\4.1.54.Final\netty-buffer-4.1.54.Final.jar;D:\develop\apache-maven-3.6.3\respoitory\io\netty\netty-codec\4.1.54.Final\netty-codec-4.1.54.Final.jar;D:\develop\apache-maven-3.6.3\respoitory\io\netty\netty-transport\4.1.54.Final\netty-transport-4.1.54.Final.jar;D:\develop\apache-maven-3.6.3\respoitory\io\projectreactor\reactor-core\3.4.0\reactor-core-3.4.0.jar;D:\develop\apache-maven-3.6.3\respoitory\org\reactivestreams\reactive-streams\1.0.3\reactive-streams-1.0.3.jar;D:\develop\apache-maven-3.6.3\respoitory\mysql\mysql-connector-java\8.0.21\mysql-connector-java-8.0.21.jar;D:\develop\apache-maven-3.6.3\respoitory\com\baomidou\mybatis-plus-boot-starter\3.4.0\mybatis-plus-boot-starter-3.4.0.jar;D:\develop\apache-maven-3.6.3\respoitory\com\baomidou\mybatis-plus\3.4.0\mybatis-plus-3.4.0.jar;D:\develop\apache-maven-3.6.3\respoitory\com\baomidou\mybatis-plus-extension\3.4.0\mybatis-plus-extension-3.4.0.jar;D:\develop\apache-maven-3.6.3\respoitory\com\baomidou\mybatis-plus-core\3.4.0\mybatis-plus-core-3.4.0.jar;D:\develop\apache-maven-3.6.3\respoitory\com\baomidou\mybatis-plus-annotation\3.4.0\mybatis-plus-annotation-3.4.0.jar;D:\develop\apache-maven-3.6.3\respoitory\com\github\jsqlparser\jsqlparser\3.2\jsqlparser-3.2.jar;D:\develop\apache-maven-3.6.3\respoitory\org\mybatis\mybatis\3.5.5\mybatis-3.5.5.jar;D:\develop\apache-maven-3.6.3\respoitory\org\mybatis\mybatis-spring\2.0.5\mybatis-spring-2.0.5.jar;D:\develop\apache-maven-3.6.3\respoitory\org\springframework\boot\spring-boot-autoconfigure\2.4.0\spring-boot-autoconfigure-2.4.0.jar;D:\develop\apache-maven-3.6.3\respoitory\org\springframework\boot\spring-boot-starter-jdbc\2.4.0\spring-boot-starter-jdbc-2.4.0.jar;D:\develop\apache-maven-3.6.3\respoitory\com\zaxxer\HikariCP\3.4.5\HikariCP-3.4.5.jar;D:\develop\apache-maven-3.6.3\respoitory\org\springframework\spring-jdbc\5.3.1\spring-jdbc-5.3.1.jar;D:\develop\apache-maven-3.6.3\respoitory\com\alibaba\druid-spring-boot-starter\1.1.21\druid-spring-boot-starter-1.1.21.jar;D:\develop\apache-maven-3.6.3\respoitory\com\alibaba\druid\1.1.21\druid-1.1.21.jar;D:\develop\apache-maven-3.6.3\respoitory\org\slf4j\slf4j-api\1.7.30\slf4j-api-1.7.30.jar;D:\develop\apache-maven-3.6.3\respoitory\org\projectlombok\lombok\1.18.16\lombok-1.18.16.jar;D:\develop\apache-maven-3.6.3\respoitory\org\springframework\boot\spring-boot-starter-validation\2.4.0\spring-boot-starter-validation-2.4.0.jar;D:\develop\apache-maven-3.6.3\respoitory\org\glassfish\jakarta.el\3.0.3\jakarta.el-3.0.3.jar;D:\develop\apache-maven-3.6.3\respoitory\org\hibernate\validator\hibernate-validator\6.1.6.Final\hibernate-validator-6.1.6.Final.jar;D:\develop\apache-maven-3.6.3\respoitory\jakarta\validation\jakarta.validation-api\2.0.2\jakarta.validation-api-2.0.2.jar;D:\develop\apache-maven-3.6.3\respoitory\org\jboss\logging\jboss-logging\3.4.1.Final\jboss-logging-3.4.1.Final.jar;D:\develop\apache-maven-3.6.3\respoitory\com\fasterxml\classmate\1.5.1\classmate-1.5.1.jar;D:\develop\apache-maven-3.6.3\respoitory\com\alibaba\fastjson\1.2.73\fastjson-1.2.73.jar;D:\develop\apache-maven-3.6.3\respoitory\com\aliyun\alibaba-dingtalk-service-sdk\1.0.1\alibaba-dingtalk-service-sdk-1.0.1.jar;D:\develop\apache-maven-3.6.3\respoitory\log4j\log4j\1.2.15\log4j-1.2.15.jar;D:\develop\apache-maven-3.6.3\respoitory\javax\mail\mail\1.4\mail-1.4.jar;D:\develop\apache-maven-3.6.3\respoitory\javax\activation\activation\1.1\activation-1.1.jar;D:\develop\apache-maven-3.6.3\respoitory\javax\jms\jms\1.1\jms-1.1.jar;D:\develop\apache-maven-3.6.3\respoitory\commons-logging\commons-logging\1.1.1\commons-logging-1.1.1.jar;D:\develop\apache-maven-3.6.3\respoitory\org\springframework\boot\spring-boot-starter-test\2.4.0\spring-boot-starter-test-2.4.0.jar;D:\develop\apache-maven-3.6.3\respoitory\org\springframework\boot\spring-boot-test\2.4.0\spring-boot-test-2.4.0.jar;D:\develop\apache-maven-3.6.3\respoitory\org\springframework\boot\spring-boot-test-autoconfigure\2.4.0\spring-boot-test-autoconfigure-2.4.0.jar;D:\develop\apache-maven-3.6.3\respoitory\com\jayway\jsonpath\json-path\2.4.0\json-path-2.4.0.jar;D:\develop\apache-maven-3.6.3\respoitory\net\minidev\json-smart\2.3\json-smart-2.3.jar;D:\develop\apache-maven-3.6.3\respoitory\net\minidev\accessors-smart\1.2\accessors-smart-1.2.jar;D:\develop\apache-maven-3.6.3\respoitory\org\ow2\asm\asm\5.0.4\asm-5.0.4.jar;D:\develop\apache-maven-3.6.3\respoitory\jakarta\xml\bind\jakarta.xml.bind-api\2.3.3\jakarta.xml.bind-api-2.3.3.jar;D:\develop\apache-maven-3.6.3\respoitory\jakarta\activation\jakarta.activation-api\1.2.2\jakarta.activation-api-1.2.2.jar;D:\develop\apache-maven-3.6.3\respoitory\org\assertj\assertj-core\3.18.1\assertj-core-3.18.1.jar;D:\develop\apache-maven-3.6.3\respoitory\org\hamcrest\hamcrest\2.2\hamcrest-2.2.jar;D:\develop\apache-maven-3.6.3\respoitory\org\junit\jupiter\junit-jupiter\5.7.0\junit-jupiter-5.7.0.jar;D:\develop\apache-maven-3.6.3\respoitory\org\junit\jupiter\junit-jupiter-api\5.7.0\junit-jupiter-api-5.7.0.jar;D:\develop\apache-maven-3.6.3\respoitory\org\apiguardian\apiguardian-api\1.1.0\apiguardian-api-1.1.0.jar;D:\develop\apache-maven-3.6.3\respoitory\org\opentest4j\opentest4j\1.2.0\opentest4j-1.2.0.jar;D:\develop\apache-maven-3.6.3\respoitory\org\junit\platform\junit-platform-commons\1.7.0\junit-platform-commons-1.7.0.jar;D:\develop\apache-maven-3.6.3\respoitory\org\junit\jupiter\junit-jupiter-params\5.7.0\junit-jupiter-params-5.7.0.jar;D:\develop\apache-maven-3.6.3\respoitory\org\junit\jupiter\junit-jupiter-engine\5.7.0\junit-jupiter-engine-5.7.0.jar;D:\develop\apache-maven-3.6.3\respoitory\org\junit\platform\junit-platform-engine\1.7.0\junit-platform-engine-1.7.0.jar;D:\develop\apache-maven-3.6.3\respoitory\org\mockito\mockito-core\3.6.0\mockito-core-3.6.0.jar;D:\develop\apache-maven-3.6.3\respoitory\net\bytebuddy\byte-buddy\1.10.18\byte-buddy-1.10.18.jar;D:\develop\apache-maven-3.6.3\respoitory\net\bytebuddy\byte-buddy-agent\1.10.18\byte-buddy-agent-1.10.18.jar;D:\develop\apache-maven-3.6.3\respoitory\org\objenesis\objenesis\3.1\objenesis-3.1.jar;D:\develop\apache-maven-3.6.3\respoitory\org\mockito\mockito-junit-jupiter\3.6.0\mockito-junit-jupiter-3.6.0.jar;D:\develop\apache-maven-3.6.3\respoitory\org\skyscreamer\jsonassert\1.5.0\jsonassert-1.5.0.jar;D:\develop\apache-maven-3.6.3\respoitory\com\vaadin\external\google\android-json\0.0.20131108.vaadin1\android-json-0.0.20131108.vaadin1.jar;D:\develop\apache-maven-3.6.3\respoitory\org\springframework\spring-core\5.3.1\spring-core-5.3.1.jar;D:\develop\apache-maven-3.6.3\respoitory\org\springframework\spring-jcl\5.3.1\spring-jcl-5.3.1.jar;D:\develop\apache-maven-3.6.3\respoitory\org\springframework\spring-test\5.3.1\spring-test-5.3.1.jar;D:\develop\apache-maven-3.6.3\respoitory\org\xmlunit\xmlunit-core\2.7.0\xmlunit-core-2.7.0.jar;"/>
    <property name="sun.cpu.endian" value="little"/>
    <property name="user.home" value="C:\Users\xopen"/>
    <property name="user.language" value="zh"/>
    <property name="java.specification.vendor" value="Oracle Corporation"/>
    <property name="java.home" value="D:\develop\jdk1.8.0_192\jre"/>
    <property name="basedir" value="D:\study\idea\api"/>
    <property name="file.separator" value="\"/>
    <property name="line.separator" value="&#10;"/>
    <property name="java.vm.specification.vendor" value="Oracle Corporation"/>
    <property name="java.specification.name" value="Java Platform API Specification"/>
    <property name="java.awt.graphicsenv" value="sun.awt.Win32GraphicsEnvironment"/>
    <property name="surefire.real.class.path" value="C:\Users\xopen\AppData\Local\Temp\surefire2887645637040574817\surefirebooter7277520379460870331.jar"/>
    <property name="sun.boot.class.path" value="D:\develop\jdk1.8.0_192\jre\lib\resources.jar;D:\develop\jdk1.8.0_192\jre\lib\rt.jar;D:\develop\jdk1.8.0_192\jre\lib\sunrsasign.jar;D:\develop\jdk1.8.0_192\jre\lib\jsse.jar;D:\develop\jdk1.8.0_192\jre\lib\jce.jar;D:\develop\jdk1.8.0_192\jre\lib\charsets.jar;D:\develop\jdk1.8.0_192\jre\lib\jfr.jar;D:\develop\jdk1.8.0_192\jre\classes"/>
    <property name="user.script" value=""/>
    <property name="sun.management.compiler" value="HotSpot 64-Bit Tiered Compilers"/>
    <property name="java.runtime.version" value="1.8.0_192-b12"/>
    <property name="user.name" value="xopen"/>
    <property name="path.separator" value=";"/>
    <property name="os.version" value="10.0"/>
    <property name="java.endorsed.dirs" value="D:\develop\jdk1.8.0_192\jre\lib\endorsed"/>
    <property name="java.runtime.name" value="Java(TM) SE Runtime Environment"/>
    <property name="file.encoding" value="GBK"/>
    <property name="java.vm.name" value="Java HotSpot(TM) 64-Bit Server VM"/>
    <property name="localRepository" value="D:\develop\apache-maven-3.6.3\respoitory"/>
    <property name="java.vendor.url.bug" value="http://bugreport.sun.com/bugreport/"/>
    <property name="java.io.tmpdir" value="C:\Users\xopen\AppData\Local\Temp\"/>
    <property name="idea.version" value="2020.2.2"/>
    <property name="java.version" value="1.8.0_192"/>
    <property name="user.dir" value="D:\study\idea\api"/>
    <property name="os.arch" value="amd64"/>
    <property name="java.vm.specification.name" value="Java Virtual Machine Specification"/>
    <property name="java.awt.printerjob" value="sun.awt.windows.WPrinterJob"/>
    <property name="sun.os.patch.level" value=""/>
    <property name="java.library.path" value="D:\develop\jdk1.8.0_192\jre\bin;C:\WINDOWS\Sun\Java\bin;C:\WINDOWS\system32;C:\WINDOWS;D:\software\xftp6\;C:\WINDOWS\system32;C:\WINDOWS;C:\WINDOWS\System32\Wbem;C:\WINDOWS\System32\WindowsPowerShell\v1.0\;C:\WINDOWS\System32\OpenSSH\;D:\develop\nodejs\;D:\develop\jdk1.8.0_192\bin;D:\develop\jdk-11.0.2\bin;D:\develop\nodejs\global;D:\software\Git 2.29.2.2\cmd;D:\develop\apache-maven-3.6.3\bin;D:\software\putty\;C:\Users\xopen\AppData\Local\Microsoft\WindowsApps;C:\Users\xopen\AppData\Roaming\npm;."/>
    <property name="java.vm.info" value="mixed mode"/>
    <property name="java.vendor" value="Oracle Corporation"/>
    <property name="java.vm.version" value="25.192-b12"/>
    <property name="java.ext.dirs" value="D:\develop\jdk1.8.0_192\jre\lib\ext;C:\WINDOWS\Sun\Java\lib\ext"/>
    <property name="sun.io.unicode.encoding" value="UnicodeLittle"/>
    <property name="maven.repo.local" value="D:\develop\apache-maven-3.6.3\respoitory"/>
    <property name="java.class.version" value="52.0"/>
  </properties>
  <testcase name="contextLoads" classname="top.pmj136.api.ApiApplicationTests" time="0.252"/>
</testsuite>